 
 -------------- celery@firebase-jostmva-1761342297938 v5.5.3 (immunity)
--- ***** ----- 
-- ******* ---- Linux-6.6.105+-x86_64-with-glibc2.39 2025-10-29 20:46:24
- *** --- * --- 
- ** ---------- [config]
- ** ---------- .> app:         frontend.blackjack_simulator.celery_worker:0x7803e5768350
- ** ---------- .> transport:   redis://localhost:6379/0
- ** ---------- .> results:     redis://localhost:6379/0
- *** --- * --- .> concurrency: 2 (prefork)
-- ******* ---- .> task events: OFF (enable -E to monitor tasks in this worker)
--- ***** ----- 
 -------------- [queues]
                .> celery           exchange=celery(direct) key=celery
                

[tasks]
  . jost_simulation_task

[2025-10-29 20:46:25,038: INFO/MainProcess] Connected to redis://localhost:6379/0
[2025-10-29 20:46:25,048: INFO/MainProcess] mingle: searching for neighbors
[2025-10-29 20:46:26,063: INFO/MainProcess] mingle: all alone
[2025-10-29 20:46:26,095: INFO/MainProcess] --- Worker is ready. Registered tasks: ['celery.backend_cleanup', 'celery.chain', 'celery.starmap', 'celery.accumulate', 'celery.chord', 'celery.chunks', 'celery.chord_unlock', 'jost_simulation_task', 'celery.group', 'celery.map'] ---
[2025-10-29 20:46:26,097: INFO/MainProcess] celery@firebase-jostmva-1761342297938 ready.
[2025-10-29 20:46:46,835: INFO/MainProcess] Task jost_simulation_task[297ae6fc-0e08-4875-8244-c1a49d3ebf9b] received
[2025-10-29 20:46:46,840: INFO/ForkPoolWorker-2] --- Received Jost Simulation Task ---
[2025-10-29 20:46:46,846: INFO/ForkPoolWorker-2] Running simulation for 5 rounds.
[2025-10-29 20:46:46,846: INFO/ForkPoolWorker-2] Starting simulation for 5 rounds.
[2025-10-29 20:46:46,848: INFO/ForkPoolWorker-2] Simulation finished successfully.
[2025-10-29 20:46:46,849: INFO/ForkPoolWorker-2] --- Jost Simulation Task Finished ---
[2025-10-29 20:46:46,876: INFO/ForkPoolWorker-2] Task jost_simulation_task[297ae6fc-0e08-4875-8244-c1a49d3ebf9b] succeeded in 0.036400143000719254s: {'Master Player_1': {'initial_bankroll': 10000, 'final_bankroll': 10010, 'net_gain_loss': 10, 'total_wagered': 50.0, 'player_edge': 0.2, 'hand_history': [{...}, {...}, {...}, {...}, {...}]}}
